<?xml version="1.0" encoding="UTF-8"?>
<!-- Generated by org.testng.reporters.JUnitReportReporter -->
<testsuite hostname="sdovalina-pk" failures="0" tests="2" name="tests.prueba1" time="3.493" errors="0" timestamp="2021-02-18T20:12:38 MST" skipped="0">
  <testcase classname="tests.prueba1" name="test_1" time="2.371"/>
  <system-out/>
  <testcase classname="tests.prueba1" name="test_2" time="1.122"/>
  <system-out/>
</testsuite> <!-- tests.prueba1 -->
