<?xml version="1.0" encoding="UTF-8"?>
<!-- Generated by org.testng.reporters.JUnitReportReporter -->
<testsuite hostname="sdovalina-pk" failures="0" tests="1" name="tests.get" time="2.711" errors="0" timestamp="2021-02-19T13:15:38 MST" skipped="0">
  <testcase classname="tests.get" name="testGet" time="2.711"/>
  <system-out/>
</testsuite> <!-- tests.get -->
